<?xml version="1.0" encoding="UTF-8"?>
<testsuite name="com.ydskingdom.redis.RedisTemplateTest" tests="3" skipped="0" failures="0" errors="0" timestamp="2023-03-06T08:24:17" hostname="MAC-abcyds.local" time="0.899">
  <properties/>
  <testcase name="testSet()" classname="com.ydskingdom.redis.RedisTemplateTest" time="0.877"/>
  <testcase name="testHash()" classname="com.ydskingdom.redis.RedisTemplateTest" time="0.01"/>
  <testcase name="testStrings()" classname="com.ydskingdom.redis.RedisTemplateTest" time="0.01"/>
  <system-out><![CDATA[17:24:15.853 [Test worker] DEBUG org.springframework.test.context.BootstrapUtils - Instantiating CacheAwareContextLoaderDelegate from class [org.springframework.test.context.cache.DefaultCacheAwareContextLoaderDelegate]
17:24:15.867 [Test worker] DEBUG org.springframework.test.context.BootstrapUtils - Instantiating BootstrapContext using constructor [public org.springframework.test.context.support.DefaultBootstrapContext(java.lang.Class,org.springframework.test.context.CacheAwareContextLoaderDelegate)]
17:24:15.912 [Test worker] DEBUG org.springframework.test.context.BootstrapUtils - Instantiating TestContextBootstrapper for test class [com.ydskingdom.redis.RedisTemplateTest] from class [org.springframework.boot.test.context.SpringBootTestContextBootstrapper]
17:24:15.927 [Test worker] INFO org.springframework.boot.test.context.SpringBootTestContextBootstrapper - Neither @ContextConfiguration nor @ContextHierarchy found for test class [com.ydskingdom.redis.RedisTemplateTest], using SpringBootContextLoader
17:24:15.932 [Test worker] DEBUG org.springframework.test.context.support.AbstractContextLoader - Did not detect default resource location for test class [com.ydskingdom.redis.RedisTemplateTest]: class path resource [com/ydskingdom/redis/RedisTemplateTest-context.xml] does not exist
17:24:15.933 [Test worker] DEBUG org.springframework.test.context.support.AbstractContextLoader - Did not detect default resource location for test class [com.ydskingdom.redis.RedisTemplateTest]: class path resource [com/ydskingdom/redis/RedisTemplateTestContext.groovy] does not exist
17:24:15.934 [Test worker] INFO org.springframework.test.context.support.AbstractContextLoader - Could not detect default resource locations for test class [com.ydskingdom.redis.RedisTemplateTest]: no resource found for suffixes {-context.xml, Context.groovy}.
17:24:15.935 [Test worker] INFO org.springframework.test.context.support.AnnotationConfigContextLoaderUtils - Could not detect default configuration classes for test class [com.ydskingdom.redis.RedisTemplateTest]: RedisTemplateTest does not declare any static, non-private, non-final, nested classes annotated with @Configuration.
17:24:15.986 [Test worker] DEBUG org.springframework.test.context.support.ActiveProfilesUtils - Could not find an 'annotation declaring class' for annotation type [org.springframework.test.context.ActiveProfiles] and class [com.ydskingdom.redis.RedisTemplateTest]
17:24:16.038 [Test worker] DEBUG org.springframework.context.annotation.ClassPathScanningCandidateComponentProvider - Identified candidate component class: file [/Users/abcyds/Documents/DS_Project/DS_git/Study_Java_Playground/redis/build/classes/java/main/com/ydskingdom/redis/RedisApplication.class]
17:24:16.039 [Test worker] INFO org.springframework.boot.test.context.SpringBootTestContextBootstrapper - Found @SpringBootConfiguration com.ydskingdom.redis.RedisApplication for test class com.ydskingdom.redis.RedisTemplateTest
17:24:16.131 [Test worker] DEBUG org.springframework.boot.test.context.SpringBootTestContextBootstrapper - @TestExecutionListeners is not present for class [com.ydskingdom.redis.RedisTemplateTest]: using defaults.
17:24:16.131 [Test worker] INFO org.springframework.boot.test.context.SpringBootTestContextBootstrapper - Loaded default TestExecutionListener class names from location [META-INF/spring.factories]: [org.springframework.boot.test.autoconfigure.restdocs.RestDocsTestExecutionListener, org.springframework.boot.test.autoconfigure.web.client.MockRestServiceServerResetTestExecutionListener, org.springframework.boot.test.autoconfigure.web.servlet.MockMvcPrintOnlyOnFailureTestExecutionListener, org.springframework.boot.test.autoconfigure.web.servlet.WebDriverTestExecutionListener, org.springframework.boot.test.autoconfigure.webservices.client.MockWebServiceServerTestExecutionListener, org.springframework.boot.test.mock.mockito.MockitoTestExecutionListener, org.springframework.boot.test.mock.mockito.ResetMocksTestExecutionListener, org.springframework.test.context.web.ServletTestExecutionListener, org.springframework.test.context.support.DirtiesContextBeforeModesTestExecutionListener, org.springframework.test.context.event.ApplicationEventsTestExecutionListener, org.springframework.test.context.support.DependencyInjectionTestExecutionListener, org.springframework.test.context.support.DirtiesContextTestExecutionListener, org.springframework.test.context.transaction.TransactionalTestExecutionListener, org.springframework.test.context.jdbc.SqlScriptsTestExecutionListener, org.springframework.test.context.event.EventPublishingTestExecutionListener]
17:24:16.139 [Test worker] DEBUG org.springframework.boot.test.context.SpringBootTestContextBootstrapper - Skipping candidate TestExecutionListener [org.springframework.test.context.web.ServletTestExecutionListener] due to a missing dependency. Specify custom listener classes or make the default listener classes and their required dependencies available. Offending class: [javax.servlet.ServletContext]
17:24:16.146 [Test worker] INFO org.springframework.boot.test.context.SpringBootTestContextBootstrapper - Using TestExecutionListeners: [org.springframework.test.context.support.DirtiesContextBeforeModesTestExecutionListener@e590f375, org.springframework.test.context.event.ApplicationEventsTestExecutionListener@db109308, org.springframework.boot.test.mock.mockito.MockitoTestExecutionListener@9611be9b, org.springframework.boot.test.autoconfigure.SpringBootDependencyInjectionTestExecutionListener@e055b722, org.springframework.test.context.support.DirtiesContextTestExecutionListener@d5c84128, org.springframework.test.context.transaction.TransactionalTestExecutionListener@5fd2a0ce, org.springframework.test.context.jdbc.SqlScriptsTestExecutionListener@68f1d37d, org.springframework.test.context.event.EventPublishingTestExecutionListener@e387c03c, org.springframework.boot.test.autoconfigure.restdocs.RestDocsTestExecutionListener@ec0aaff4, org.springframework.boot.test.autoconfigure.web.client.MockRestServiceServerResetTestExecutionListener@f8a05cb0, org.springframework.boot.test.autoconfigure.web.servlet.MockMvcPrintOnlyOnFailureTestExecutionListener@712f02e, org.springframework.boot.test.autoconfigure.web.servlet.WebDriverTestExecutionListener@e94c8eed, org.springframework.boot.test.autoconfigure.webservices.client.MockWebServiceServerTestExecutionListener@8c38f5d0, org.springframework.boot.test.mock.mockito.ResetMocksTestExecutionListener@c514825f]
17:24:16.148 [Test worker] DEBUG org.springframework.test.context.support.AbstractDirtiesContextTestExecutionListener - Before test class: context [DefaultTestContext@36c5d238 testClass = RedisTemplateTest, testInstance = [null], testMethod = [null], testException = [null], mergedContextConfiguration = [MergedContextConfiguration@5b8a551b testClass = RedisTemplateTest, locations = '{}', classes = '{class com.ydskingdom.redis.RedisApplication}', contextInitializerClasses = '[]', activeProfiles = '{}', propertySourceLocations = '{}', propertySourceProperties = '{org.springframework.boot.test.context.SpringBootTestContextBootstrapper=true}', contextCustomizers = set[org.springframework.boot.test.autoconfigure.actuate.metrics.MetricsExportContextCustomizerFactory$DisableMetricExportContextCustomizer@ab1fab0e, org.springframework.boot.test.autoconfigure.properties.PropertyMappingContextCustomizer@0, org.springframework.boot.test.autoconfigure.web.servlet.WebDriverContextCustomizerFactory$Customizer@18880d24, org.springframework.boot.test.context.filter.ExcludeFilterContextCustomizer@57655f32, org.springframework.boot.test.json.DuplicateJsonObjectContextCustomizerFactory$DuplicateJsonObjectContextCustomizer@b8304b90, org.springframework.boot.test.mock.mockito.MockitoContextCustomizer@0, org.springframework.boot.test.web.client.TestRestTemplateContextCustomizer@d70872bf, org.springframework.boot.test.context.SpringBootTestArgs@1, org.springframework.boot.test.context.SpringBootTestWebEnvironment@cc22b0a5], contextLoader = 'org.springframework.boot.test.context.SpringBootContextLoader', parent = [null]], attributes = map[[empty]]], class annotated with @DirtiesContext [false] with mode [null].
17:24:16.158 [Test worker] DEBUG org.springframework.test.context.support.DependencyInjectionTestExecutionListener - Performing dependency injection for test context [[DefaultTestContext@36c5d238 testClass = RedisTemplateTest, testInstance = com.ydskingdom.redis.RedisTemplateTest@7e481310, testMethod = [null], testException = [null], mergedContextConfiguration = [MergedContextConfiguration@5b8a551b testClass = RedisTemplateTest, locations = '{}', classes = '{class com.ydskingdom.redis.RedisApplication}', contextInitializerClasses = '[]', activeProfiles = '{}', propertySourceLocations = '{}', propertySourceProperties = '{org.springframework.boot.test.context.SpringBootTestContextBootstrapper=true}', contextCustomizers = set[org.springframework.boot.test.autoconfigure.actuate.metrics.MetricsExportContextCustomizerFactory$DisableMetricExportContextCustomizer@ab1fab0e, org.springframework.boot.test.autoconfigure.properties.PropertyMappingContextCustomizer@0, org.springframework.boot.test.autoconfigure.web.servlet.WebDriverContextCustomizerFactory$Customizer@18880d24, org.springframework.boot.test.context.filter.ExcludeFilterContextCustomizer@57655f32, org.springframework.boot.test.json.DuplicateJsonObjectContextCustomizerFactory$DuplicateJsonObjectContextCustomizer@b8304b90, org.springframework.boot.test.mock.mockito.MockitoContextCustomizer@0, org.springframework.boot.test.web.client.TestRestTemplateContextCustomizer@d70872bf, org.springframework.boot.test.context.SpringBootTestArgs@1, org.springframework.boot.test.context.SpringBootTestWebEnvironment@cc22b0a5], contextLoader = 'org.springframework.boot.test.context.SpringBootContextLoader', parent = [null]], attributes = map['org.springframework.test.context.event.ApplicationEventsTestExecutionListener.recordApplicationEvents' -> false]]].

  .   ____          _            __ _ _
 /\\ / ___'_ __ _ _(_)_ __  __ _ \ \ \ \
( ( )\___ | '_ | '_| | '_ \/ _` | \ \ \ \
 \\/  ___)| |_)| | | | | || (_| |  ) ) ) )
  '  |____| .__|_| |_|_| |_\__, | / / / /
 =========|_|==============|___/=/_/_/_/
 :: Spring Boot ::                (v2.7.7)

2023-03-06 17:24:16.437  INFO 23863 --- [    Test worker] com.ydskingdom.redis.RedisTemplateTest   : Starting RedisTemplateTest using Java 11.0.11 on MAC-abcyds.local with PID 23863 (started by abcyds in /Users/abcyds/Documents/DS_Project/DS_git/Study_Java_Playground/redis)
2023-03-06 17:24:16.439  INFO 23863 --- [    Test worker] com.ydskingdom.redis.RedisTemplateTest   : No active profile set, falling back to 1 default profile: "default"
2023-03-06 17:24:16.758  INFO 23863 --- [    Test worker] .s.d.r.c.RepositoryConfigurationDelegate : Multiple Spring Data modules found, entering strict repository configuration mode
2023-03-06 17:24:16.763  INFO 23863 --- [    Test worker] .s.d.r.c.RepositoryConfigurationDelegate : Bootstrapping Spring Data Redis repositories in DEFAULT mode.
2023-03-06 17:24:16.780  INFO 23863 --- [    Test worker] .s.d.r.c.RepositoryConfigurationDelegate : Finished Spring Data repository scanning in 4 ms. Found 0 Redis repository interfaces.
2023-03-06 17:24:17.466  INFO 23863 --- [    Test worker] com.ydskingdom.redis.RedisTemplateTest   : Started RedisTemplateTest in 1.287 seconds (JVM running for 2.523)
member : true
member : false
]]></system-out>
  <system-err><![CDATA[]]></system-err>
</testsuite>
