<?xml version="1.0" encoding="UTF-8"?>
<testsuite name="com.ydskingdom.redis.RedisTemplateTest" tests="1" skipped="0" failures="0" errors="0" timestamp="2023-02-16T06:34:31" hostname="MAC-abcyds.local" time="0.883">
  <properties/>
  <testcase name="testSet()" classname="com.ydskingdom.redis.RedisTemplateTest" time="0.883"/>
  <system-out><![CDATA[15:34:30.072 [Test worker] DEBUG org.springframework.test.context.BootstrapUtils - Instantiating CacheAwareContextLoaderDelegate from class [org.springframework.test.context.cache.DefaultCacheAwareContextLoaderDelegate]
15:34:30.083 [Test worker] DEBUG org.springframework.test.context.BootstrapUtils - Instantiating BootstrapContext using constructor [public org.springframework.test.context.support.DefaultBootstrapContext(java.lang.Class,org.springframework.test.context.CacheAwareContextLoaderDelegate)]
15:34:30.118 [Test worker] DEBUG org.springframework.test.context.BootstrapUtils - Instantiating TestContextBootstrapper for test class [com.ydskingdom.redis.RedisTemplateTest] from class [org.springframework.boot.test.context.SpringBootTestContextBootstrapper]
15:34:30.130 [Test worker] INFO org.springframework.boot.test.context.SpringBootTestContextBootstrapper - Neither @ContextConfiguration nor @ContextHierarchy found for test class [com.ydskingdom.redis.RedisTemplateTest], using SpringBootContextLoader
15:34:30.135 [Test worker] DEBUG org.springframework.test.context.support.AbstractContextLoader - Did not detect default resource location for test class [com.ydskingdom.redis.RedisTemplateTest]: class path resource [com/ydskingdom/redis/RedisTemplateTest-context.xml] does not exist
15:34:30.135 [Test worker] DEBUG org.springframework.test.context.support.AbstractContextLoader - Did not detect default resource location for test class [com.ydskingdom.redis.RedisTemplateTest]: class path resource [com/ydskingdom/redis/RedisTemplateTestContext.groovy] does not exist
15:34:30.136 [Test worker] INFO org.springframework.test.context.support.AbstractContextLoader - Could not detect default resource locations for test class [com.ydskingdom.redis.RedisTemplateTest]: no resource found for suffixes {-context.xml, Context.groovy}.
15:34:30.137 [Test worker] INFO org.springframework.test.context.support.AnnotationConfigContextLoaderUtils - Could not detect default configuration classes for test class [com.ydskingdom.redis.RedisTemplateTest]: RedisTemplateTest does not declare any static, non-private, non-final, nested classes annotated with @Configuration.
15:34:30.182 [Test worker] DEBUG org.springframework.test.context.support.ActiveProfilesUtils - Could not find an 'annotation declaring class' for annotation type [org.springframework.test.context.ActiveProfiles] and class [com.ydskingdom.redis.RedisTemplateTest]
15:34:30.234 [Test worker] DEBUG org.springframework.context.annotation.ClassPathScanningCandidateComponentProvider - Identified candidate component class: file [/Users/abcyds/Documents/DS_Project/DS_git/Study_Java_Playground/redis/build/classes/java/main/com/ydskingdom/redis/RedisApplication.class]
15:34:30.235 [Test worker] INFO org.springframework.boot.test.context.SpringBootTestContextBootstrapper - Found @SpringBootConfiguration com.ydskingdom.redis.RedisApplication for test class com.ydskingdom.redis.RedisTemplateTest
15:34:30.306 [Test worker] DEBUG org.springframework.boot.test.context.SpringBootTestContextBootstrapper - @TestExecutionListeners is not present for class [com.ydskingdom.redis.RedisTemplateTest]: using defaults.
15:34:30.306 [Test worker] INFO org.springframework.boot.test.context.SpringBootTestContextBootstrapper - Loaded default TestExecutionListener class names from location [META-INF/spring.factories]: [org.springframework.boot.test.autoconfigure.restdocs.RestDocsTestExecutionListener, org.springframework.boot.test.autoconfigure.web.client.MockRestServiceServerResetTestExecutionListener, org.springframework.boot.test.autoconfigure.web.servlet.MockMvcPrintOnlyOnFailureTestExecutionListener, org.springframework.boot.test.autoconfigure.web.servlet.WebDriverTestExecutionListener, org.springframework.boot.test.autoconfigure.webservices.client.MockWebServiceServerTestExecutionListener, org.springframework.boot.test.mock.mockito.MockitoTestExecutionListener, org.springframework.boot.test.mock.mockito.ResetMocksTestExecutionListener, org.springframework.test.context.web.ServletTestExecutionListener, org.springframework.test.context.support.DirtiesContextBeforeModesTestExecutionListener, org.springframework.test.context.event.ApplicationEventsTestExecutionListener, org.springframework.test.context.support.DependencyInjectionTestExecutionListener, org.springframework.test.context.support.DirtiesContextTestExecutionListener, org.springframework.test.context.transaction.TransactionalTestExecutionListener, org.springframework.test.context.jdbc.SqlScriptsTestExecutionListener, org.springframework.test.context.event.EventPublishingTestExecutionListener]
15:34:30.314 [Test worker] DEBUG org.springframework.boot.test.context.SpringBootTestContextBootstrapper - Skipping candidate TestExecutionListener [org.springframework.test.context.web.ServletTestExecutionListener] due to a missing dependency. Specify custom listener classes or make the default listener classes and their required dependencies available. Offending class: [javax.servlet.ServletContext]
15:34:30.320 [Test worker] INFO org.springframework.boot.test.context.SpringBootTestContextBootstrapper - Using TestExecutionListeners: [org.springframework.test.context.support.DirtiesContextBeforeModesTestExecutionListener@a5823565, org.springframework.test.context.event.ApplicationEventsTestExecutionListener@daece634, org.springframework.boot.test.mock.mockito.MockitoTestExecutionListener@bbaadf4, org.springframework.boot.test.autoconfigure.SpringBootDependencyInjectionTestExecutionListener@49fdf8db, org.springframework.test.context.support.DirtiesContextTestExecutionListener@f6460c3b, org.springframework.test.context.transaction.TransactionalTestExecutionListener@5e94aa3a, org.springframework.test.context.jdbc.SqlScriptsTestExecutionListener@20a83d24, org.springframework.test.context.event.EventPublishingTestExecutionListener@28da0c9a, org.springframework.boot.test.autoconfigure.restdocs.RestDocsTestExecutionListener@cd5d6ae1, org.springframework.boot.test.autoconfigure.web.client.MockRestServiceServerResetTestExecutionListener@937751bc, org.springframework.boot.test.autoconfigure.web.servlet.MockMvcPrintOnlyOnFailureTestExecutionListener@6c5b27cd, org.springframework.boot.test.autoconfigure.web.servlet.WebDriverTestExecutionListener@5ccd5e1b, org.springframework.boot.test.autoconfigure.webservices.client.MockWebServiceServerTestExecutionListener@8dcd57be, org.springframework.boot.test.mock.mockito.ResetMocksTestExecutionListener@12f6bf5d]
15:34:30.323 [Test worker] DEBUG org.springframework.test.context.support.AbstractDirtiesContextTestExecutionListener - Before test class: context [DefaultTestContext@37dd73a1 testClass = RedisTemplateTest, testInstance = [null], testMethod = [null], testException = [null], mergedContextConfiguration = [MergedContextConfiguration@8918254e testClass = RedisTemplateTest, locations = '{}', classes = '{class com.ydskingdom.redis.RedisApplication}', contextInitializerClasses = '[]', activeProfiles = '{}', propertySourceLocations = '{}', propertySourceProperties = '{org.springframework.boot.test.context.SpringBootTestContextBootstrapper=true}', contextCustomizers = set[org.springframework.boot.test.autoconfigure.actuate.metrics.MetricsExportContextCustomizerFactory$DisableMetricExportContextCustomizer@c2b711b4, org.springframework.boot.test.autoconfigure.properties.PropertyMappingContextCustomizer@0, org.springframework.boot.test.autoconfigure.web.servlet.WebDriverContextCustomizerFactory$Customizer@90572e47, org.springframework.boot.test.context.filter.ExcludeFilterContextCustomizer@f87b21c8, org.springframework.boot.test.json.DuplicateJsonObjectContextCustomizerFactory$DuplicateJsonObjectContextCustomizer@dabc862d, org.springframework.boot.test.mock.mockito.MockitoContextCustomizer@0, org.springframework.boot.test.web.client.TestRestTemplateContextCustomizer@bdab4b7, org.springframework.boot.test.context.SpringBootTestArgs@1, org.springframework.boot.test.context.SpringBootTestWebEnvironment@824da314], contextLoader = 'org.springframework.boot.test.context.SpringBootContextLoader', parent = [null]], attributes = map[[empty]]], class annotated with @DirtiesContext [false] with mode [null].
15:34:30.333 [Test worker] DEBUG org.springframework.test.context.support.DependencyInjectionTestExecutionListener - Performing dependency injection for test context [[DefaultTestContext@37dd73a1 testClass = RedisTemplateTest, testInstance = com.ydskingdom.redis.RedisTemplateTest@8c19a5e8, testMethod = [null], testException = [null], mergedContextConfiguration = [MergedContextConfiguration@8918254e testClass = RedisTemplateTest, locations = '{}', classes = '{class com.ydskingdom.redis.RedisApplication}', contextInitializerClasses = '[]', activeProfiles = '{}', propertySourceLocations = '{}', propertySourceProperties = '{org.springframework.boot.test.context.SpringBootTestContextBootstrapper=true}', contextCustomizers = set[org.springframework.boot.test.autoconfigure.actuate.metrics.MetricsExportContextCustomizerFactory$DisableMetricExportContextCustomizer@c2b711b4, org.springframework.boot.test.autoconfigure.properties.PropertyMappingContextCustomizer@0, org.springframework.boot.test.autoconfigure.web.servlet.WebDriverContextCustomizerFactory$Customizer@90572e47, org.springframework.boot.test.context.filter.ExcludeFilterContextCustomizer@f87b21c8, org.springframework.boot.test.json.DuplicateJsonObjectContextCustomizerFactory$DuplicateJsonObjectContextCustomizer@dabc862d, org.springframework.boot.test.mock.mockito.MockitoContextCustomizer@0, org.springframework.boot.test.web.client.TestRestTemplateContextCustomizer@bdab4b7, org.springframework.boot.test.context.SpringBootTestArgs@1, org.springframework.boot.test.context.SpringBootTestWebEnvironment@824da314], contextLoader = 'org.springframework.boot.test.context.SpringBootContextLoader', parent = [null]], attributes = map['org.springframework.test.context.event.ApplicationEventsTestExecutionListener.recordApplicationEvents' -> false]]].

  .   ____          _            __ _ _
 /\\ / ___'_ __ _ _(_)_ __  __ _ \ \ \ \
( ( )\___ | '_ | '_| | '_ \/ _` | \ \ \ \
 \\/  ___)| |_)| | | | | || (_| |  ) ) ) )
  '  |____| .__|_| |_|_| |_\__, | / / / /
 =========|_|==============|___/=/_/_/_/
 :: Spring Boot ::                (v2.7.7)

2023-02-16 15:34:30.648  INFO 64880 --- [    Test worker] com.ydskingdom.redis.RedisTemplateTest   : Starting RedisTemplateTest using Java 11.0.11 on MAC-abcyds.local with PID 64880 (started by abcyds in /Users/abcyds/Documents/DS_Project/DS_git/Study_Java_Playground/redis)
2023-02-16 15:34:30.649  INFO 64880 --- [    Test worker] com.ydskingdom.redis.RedisTemplateTest   : No active profile set, falling back to 1 default profile: "default"
2023-02-16 15:34:30.980  INFO 64880 --- [    Test worker] .s.d.r.c.RepositoryConfigurationDelegate : Multiple Spring Data modules found, entering strict repository configuration mode
2023-02-16 15:34:30.989  INFO 64880 --- [    Test worker] .s.d.r.c.RepositoryConfigurationDelegate : Bootstrapping Spring Data Redis repositories in DEFAULT mode.
2023-02-16 15:34:31.040  INFO 64880 --- [    Test worker] .s.d.r.c.RepositoryConfigurationDelegate : Finished Spring Data repository scanning in 14 ms. Found 0 Redis repository interfaces.
2023-02-16 15:34:31.785  INFO 64880 --- [    Test worker] com.ydskingdom.redis.RedisTemplateTest   : Started RedisTemplateTest in 1.429 seconds (JVM running for 2.662)
member : true
member : false
]]></system-out>
  <system-err><![CDATA[]]></system-err>
</testsuite>
